
R version 4.2.2 (2022-10-31) -- "Innocent and Trusting"
Copyright (C) 2022 The R Foundation for Statistical Computing
Platform: x86_64-pc-linux-gnu (64-bit)

R is free software and comes with ABSOLUTELY NO WARRANTY.
You are welcome to redistribute it under certain conditions.
Type 'license()' or 'licence()' for distribution details.

R is a collaborative project with many contributors.
Type 'contributors()' for more information and
'citation()' on how to cite R or R packages in publications.

Type 'demo()' for some demos, 'help()' for on-line help, or
'help.start()' for an HTML browser interface to help.
Type 'q()' to quit R.

> # Objective --------------------------------------------------------------------
> # Correct and "standardize" logbook records
> #
> # Preamble ---------------------------------------------------------------------
> # run this as:
> #  nohup R < scripts/02-3_logbooks-for-ais.R --vanilla > lgs/02-3_logbooks-for-ais_2023-09-09.log &
> lubridate::now()
[1] "2023-09-09 18:38:24 GMT"
> 
> # Input:  xxx
> #         xxx
> # Output: xxx
> # Downstream usage: R/...
> ## Brief summary ---------------------------------------------------------------
> #
> 
> # Input ------------------------------------------------------------------------
> library(tidyverse)
── Attaching core tidyverse packages ──────────────────────── tidyverse 2.0.0 ──
✔ dplyr     1.1.3     ✔ readr     2.1.4
✔ forcats   1.0.0     ✔ stringr   1.5.0
✔ ggplot2   3.4.3     ✔ tibble    3.2.1
✔ lubridate 1.9.2     ✔ tidyr     1.3.0
✔ purrr     1.0.2     
── Conflicts ────────────────────────────────────────── tidyverse_conflicts() ──
✖ dplyr::filter() masks stats::filter()
✖ dplyr::lag()    masks stats::lag()
ℹ Use the conflicted package (<http://conflicted.r-lib.org/>) to force all conflicts to become errors
> lb <- read_rds("data/logbooks/station-processing.rds")
> ca <- read_rds("data/logbooks/catch.rds")
> 
> # Filter out records -----------------------------------------------------------
> 
> # Collapse records with missing t1 or t2 to daily records ----------------------
> lb_t1_t2 <- 
+   lb |> 
+   filter(!is.na(t1) & !is.na(t2))
> lb_rest <- 
+   lb |> 
+   filter(!.sid %in% lb_t1_t2$.sid)
> # now for the catches
> ca_t1_t2 <-
+   ca |> 
+   filter(.sid %in% lb_t1_t2$.sid)
> ca_rest <- 
+   lb_rest |> 
+   select(.sid, vid, date) |> 
+   left_join(ca |> 
+               filter(!.sid %in% lb_t1_t2$.sid),
+             relationship = "many-to-many") |> 
+   group_by(vid, date, sid) %>%
+   summarise(.sid = min(.sid),
+             catch = sum(catch, na.rm = TRUE),
+             .groups = "drop") |> 
+   select(.sid, sid, catch)
Joining with `by = join_by(.sid)`
> ca <- 
+   bind_rows(ca_t1_t2, ca_rest)
> 
> 
> lb_rest <- 
+   lb_rest |> 
+   group_by(vid, date, gid) %>%
+   # get here all essential variables that are needed downstream
+   summarise(.sid = min(.sid),
+             n.sids = n(),
+             effort = sum(effort, na.rm = TRUE),
+             catch_total = sum(catch_total, na.rm = TRUE),
+             .groups = "drop") %>%
+   mutate(t1 = ymd_hms(paste0(year(date), "-", month(date), "-", day(date),
+                              " 00:00:00")),
+          t2 = ymd_hms(paste0(year(date), "-", month(date), "-", day(date),
+                              " 23:59:00")))
> lb <-
+   bind_rows(lb_rest, lb_t1_t2) |> 
+   arrange(vid, t1)
> lb |> glimpse()
Rows: 1,596,903
Columns: 37
$ vid           <int> 1, 1, 1, 5, 5, 5, 5, 5, 5, 5, 5, 13, 13, 13, 13, 13, 13,…
$ date          <date> 2021-04-09, 2021-04-18, 2021-04-21, 2021-09-13, 2021-09…
$ gid           <dbl> 2, 2, 3, 3, 3, 25, 29, 25, 2, 91, 91, 2, 2, 2, 2, 2, 2, …
$ .sid          <dbl> 3588, 5468, 6146, 53702, 53841, 53867, 53868, 59911, 603…
$ n.sids        <int> 1, 1, 1, 1, 1, 5, 2, 1, 1, 1, 4, 1, 1, 1, 1, 1, 1, 1, 1,…
$ effort        <dbl> 60.000000, 60.000000, 27.000000, 27.000000, 27.000000, 2…
$ catch_total   <dbl> 0, 0, 0, 135, 0, 42, 25, 0, 0, 0, 55, 4563, 10323, 5405,…
$ t1            <dttm> 2021-04-09, 2021-04-18, 2021-04-21, 2021-09-13, 2021-09…
$ t2            <dttm> 2021-04-09 23:59:00, 2021-04-18 23:59:00, 2021-04-21 23…
$ lon           <dbl> NA, NA, NA, NA, NA, NA, NA, NA, NA, NA, NA, NA, NA, NA, …
$ lat           <dbl> NA, NA, NA, NA, NA, NA, NA, NA, NA, NA, NA, NA, NA, NA, …
$ lon2          <dbl> NA, NA, NA, NA, NA, NA, NA, NA, NA, NA, NA, NA, NA, NA, …
$ lat2          <dbl> NA, NA, NA, NA, NA, NA, NA, NA, NA, NA, NA, NA, NA, NA, …
$ z1            <dbl> NA, NA, NA, NA, NA, NA, NA, NA, NA, NA, NA, NA, NA, NA, …
$ z2            <dbl> NA, NA, NA, NA, NA, NA, NA, NA, NA, NA, NA, NA, NA, NA, …
$ datel         <date> NA, NA, NA, NA, NA, NA, NA, NA, NA, NA, NA, NA, NA, NA,…
$ effort_unit   <chr> NA, NA, NA, NA, NA, NA, NA, NA, NA, NA, NA, NA, NA, NA, …
$ sweeps        <dbl> NA, NA, NA, NA, NA, NA, NA, NA, NA, NA, NA, NA, NA, NA, …
$ plow_width    <dbl> NA, NA, NA, NA, NA, NA, NA, NA, NA, NA, NA, NA, NA, NA, …
$ base          <chr> NA, NA, NA, NA, NA, NA, NA, NA, NA, NA, NA, NA, NA, NA, …
$ t0            <dttm> NA, NA, NA, NA, NA, NA, NA, NA, NA, NA, NA, NA, NA, NA,…
$ sid.target    <int> NA, NA, NA, NA, NA, NA, NA, NA, NA, NA, NA, NA, NA, NA, …
$ p_target      <dbl> NA, NA, NA, NA, NA, NA, NA, NA, NA, NA, NA, NA, NA, NA, …
$ date_ln_agf   <date> NA, NA, NA, NA, NA, NA, NA, NA, NA, NA, NA, NA, NA, NA,…
$ gid_ln_agf    <int> NA, NA, NA, NA, NA, NA, NA, NA, NA, NA, NA, NA, NA, NA, …
$ .lid_min_agf  <dbl> NA, NA, NA, NA, NA, NA, NA, NA, NA, NA, NA, NA, NA, NA, …
$ date_ln_lods  <date> NA, NA, NA, NA, NA, NA, NA, NA, NA, NA, NA, NA, NA, NA,…
$ gid.ln        <dbl> NA, NA, NA, NA, NA, NA, NA, NA, NA, NA, NA, NA, NA, NA, …
$ gc.lb         <dbl> NA, NA, NA, NA, NA, NA, NA, NA, NA, NA, NA, NA, NA, NA, …
$ gc.ln         <dbl> NA, NA, NA, NA, NA, NA, NA, NA, NA, NA, NA, NA, NA, NA, …
$ .lid_min_lods <int> NA, NA, NA, NA, NA, NA, NA, NA, NA, NA, NA, NA, NA, NA, …
$ dt            <int> NA, NA, NA, NA, NA, NA, NA, NA, NA, NA, NA, NA, NA, NA, …
$ gid.lb        <dbl> NA, NA, NA, NA, NA, NA, NA, NA, NA, NA, NA, NA, NA, NA, …
$ gid.source    <chr> NA, NA, NA, NA, NA, NA, NA, NA, NA, NA, NA, NA, NA, NA, …
$ i             <lgl> NA, NA, NA, NA, NA, NA, NA, NA, NA, NA, NA, NA, NA, NA, …
$ step          <int> NA, NA, NA, NA, NA, NA, NA, NA, NA, NA, NA, NA, NA, NA, …
$ gclass        <dbl> NA, NA, NA, NA, NA, NA, NA, NA, NA, NA, NA, NA, NA, NA, …
> 
> # Save -------------------------------------------------------------------------
> lb |> write_rds("data/logbooks/station-for-ais.rds")
> ca |> write_rds("data/logbooks/catch-for-ais.rds")
> 
> # Info -------------------------------------------------------------------------
> devtools::session_info()
─ Session info ───────────────────────────────────────────────────────────────
 setting  value
 version  R version 4.2.2 (2022-10-31)
 os       Debian GNU/Linux 11 (bullseye)
 system   x86_64, linux-gnu
 ui       X11
 language (EN)
 collate  is_IS.UTF-8
 ctype    is_IS.UTF-8
 tz       Atlantic/Reykjavik
 date     2023-09-09
 pandoc   2.9.2.1 @ /usr/bin/pandoc

─ Packages ───────────────────────────────────────────────────────────────────
 package     * version date (UTC) lib source
 cachem        1.0.8   2023-05-01 [1] CRAN (R 4.2.2)
 callr         3.7.3   2022-11-02 [1] CRAN (R 4.2.2)
 cli           3.6.1   2023-03-23 [1] CRAN (R 4.2.2)
 colorspace    2.1-0   2023-01-23 [1] CRAN (R 4.2.2)
 crayon        1.5.2   2022-09-29 [1] CRAN (R 4.2.2)
 devtools      2.4.5   2022-10-11 [1] CRAN (R 4.2.2)
 digest        0.6.33  2023-07-07 [1] CRAN (R 4.2.2)
 dplyr       * 1.1.3   2023-09-03 [1] CRAN (R 4.2.2)
 ellipsis      0.3.2   2021-04-29 [1] CRAN (R 4.2.2)
 fansi         1.0.4   2023-01-22 [1] CRAN (R 4.2.2)
 fastmap       1.1.1   2023-02-24 [1] CRAN (R 4.2.2)
 forcats     * 1.0.0   2023-01-29 [1] CRAN (R 4.2.2)
 fs            1.6.3   2023-07-20 [1] CRAN (R 4.2.2)
 generics      0.1.3   2022-07-05 [1] CRAN (R 4.2.2)
 ggplot2     * 3.4.3   2023-08-14 [1] CRAN (R 4.2.2)
 glue          1.6.2   2022-02-24 [1] CRAN (R 4.2.2)
 gtable        0.3.4   2023-08-21 [1] CRAN (R 4.2.2)
 hms           1.1.3   2023-03-21 [1] CRAN (R 4.2.2)
 htmltools     0.5.6   2023-08-10 [1] CRAN (R 4.2.2)
 htmlwidgets   1.6.2   2023-03-17 [1] CRAN (R 4.2.2)
 httpuv        1.6.11  2023-05-11 [1] CRAN (R 4.2.2)
 later         1.3.1   2023-05-02 [1] CRAN (R 4.2.2)
 lifecycle     1.0.3   2022-10-07 [1] CRAN (R 4.2.2)
 lubridate   * 1.9.2   2023-02-10 [1] CRAN (R 4.2.2)
 magrittr      2.0.3   2022-03-30 [1] CRAN (R 4.2.2)
 memoise       2.0.1   2021-11-26 [1] CRAN (R 4.2.2)
 mime          0.12    2021-09-28 [1] CRAN (R 4.2.2)
 miniUI        0.1.1.1 2018-05-18 [1] CRAN (R 4.2.2)
 munsell       0.5.0   2018-06-12 [1] CRAN (R 4.2.2)
 pillar        1.9.0   2023-03-22 [1] CRAN (R 4.2.2)
 pkgbuild      1.4.2   2023-06-26 [1] CRAN (R 4.2.2)
 pkgconfig     2.0.3   2019-09-22 [1] CRAN (R 4.2.2)
 pkgload       1.3.2.1 2023-07-08 [1] CRAN (R 4.2.2)
 prettyunits   1.1.1   2020-01-24 [1] CRAN (R 4.2.2)
 processx      3.8.2   2023-06-30 [1] CRAN (R 4.2.2)
 profvis       0.3.8   2023-05-02 [1] CRAN (R 4.2.2)
 promises      1.2.1   2023-08-10 [1] CRAN (R 4.2.2)
 ps            1.7.5   2023-04-18 [1] CRAN (R 4.2.2)
 purrr       * 1.0.2   2023-08-10 [1] CRAN (R 4.2.2)
 R6            2.5.1   2021-08-19 [1] CRAN (R 4.2.2)
 Rcpp          1.0.11  2023-07-06 [1] CRAN (R 4.2.2)
 readr       * 2.1.4   2023-02-10 [1] CRAN (R 4.2.2)
 remotes       2.4.2.1 2023-07-18 [1] CRAN (R 4.2.2)
 rlang         1.1.1   2023-04-28 [1] CRAN (R 4.2.2)
 rstudioapi    0.15.0  2023-07-07 [1] CRAN (R 4.2.2)
 scales        1.2.1   2022-08-20 [1] CRAN (R 4.2.2)
 sessioninfo   1.2.2   2021-12-06 [1] CRAN (R 4.2.2)
 shiny         1.7.5   2023-08-12 [1] CRAN (R 4.2.2)
 stringi       1.7.12  2023-01-11 [1] CRAN (R 4.2.2)
 stringr     * 1.5.0   2022-12-02 [1] CRAN (R 4.2.2)
 tibble      * 3.2.1   2023-03-20 [1] CRAN (R 4.2.2)
 tidyr       * 1.3.0   2023-01-24 [1] CRAN (R 4.2.2)
 tidyselect    1.2.0   2022-10-10 [1] CRAN (R 4.2.2)
 tidyverse   * 2.0.0   2023-02-22 [1] CRAN (R 4.2.2)
 timechange    0.2.0   2023-01-11 [1] CRAN (R 4.2.2)
 tzdb          0.4.0   2023-05-12 [1] CRAN (R 4.2.2)
 urlchecker    1.0.1   2021-11-30 [1] CRAN (R 4.2.2)
 usethis       2.2.2   2023-07-06 [1] CRAN (R 4.2.2)
 utf8          1.2.3   2023-01-31 [1] CRAN (R 4.2.2)
 vctrs         0.6.3   2023-06-14 [1] CRAN (R 4.2.2)
 withr         2.5.0   2022-03-03 [1] CRAN (R 4.2.2)
 xtable        1.8-4   2019-04-21 [1] CRAN (R 4.2.2)

 [1] /home/haf/einarhj/R/x86_64-pc-linux-gnu-library/4.2
 [2] /usr/local/lib/R/site/x86_64-pc-linux-gnu-library/4.2
 [3] /usr/lib/R/library

──────────────────────────────────────────────────────────────────────────────
> 
