
R version 4.2.2 (2022-10-31) -- "Innocent and Trusting"
Copyright (C) 2022 The R Foundation for Statistical Computing
Platform: x86_64-pc-linux-gnu (64-bit)

R is free software and comes with ABSOLUTELY NO WARRANTY.
You are welcome to redistribute it under certain conditions.
Type 'license()' or 'licence()' for distribution details.

R is a collaborative project with many contributors.
Type 'contributors()' for more information and
'citation()' on how to cite R or R packages in publications.

Type 'demo()' for some demos, 'help()' for on-line help, or
'help.start()' for an HTML browser interface to help.
Type 'q()' to quit R.

> # Tasks ------------------------------------------------------------------------
> # 1.
> 
> # ------------------------------------------------------------------------------
> # run this in terminal as:
> #  nohup R < scripts/04_stk-trails_parquet.R --vanilla > lgs/04_stk-trails_parquet_2023_09-09.log &
> #
> 
> 
> #
> # Input:
> #  Landings data (agf.aflagrunnur)
> #  STK (stk.trail)
> #  Harbour data (see below)
> # Output:
> #  At trail of each vessel by year: stasi/gis/AIS_TRAIL/trails
> #  Contains the following additional variables:
> #   trip id (.cid): A sequential number identifying trips of each vessel
> #    Negative numbers: Boat in harbour
> #  hid_dep & hid_arr: Standardized (3 character) harbour identification of
> #    trip harbour departure and arrival.
> #    NA's: ...
> #  .rid: 
> #  trip.n: sequential observations number within a trip (redundant info?)
> #  v: point classifier: A vmask algorithm applied to find wacky points.
> #     end_location: pings at end of trip (hence wacky points not detected via
> #      the argos::vmask function)
> #     not: pings that are ok
> #     removed: whacky points
> #     removed on land: points on Iceland
> #     removed time duplicate: self explanatory
> #     short: A trip with 5 pings or fewer, argos::vmask algorithm does not
> #      work on those
> # Next step:
> #  Add logbook id (visir) for each ping - have already a first go at it here
> #  Add: convert data to meters (crs = 3857?) then to bin the data within arrow could
> #   do something like this (here bin to 100 meters, get center point
> #     d |> mutate(x = x %/% 100 * 100 + 100/2)
> #  Add landings id - could do this differently, by why
> #
> # Inspiration for file storage: https://blog.djnavarro.net
> #
> # for a rainy day: 
> #  https://github.com/taniamendo/identify_fishing_workflow
> 
> test <- FALSE
> lubridate::now()
[1] "2023-09-09 18:54:58 GMT"
> 
> library(data.table)
> library(sf)
Linking to GEOS 3.9.0, GDAL 3.2.2, PROJ 7.2.1; sf_use_s2() is TRUE
> #library(mapdeck)
> #source("~/R/Pakkar2/ramb/TOPSECRET.R")
> library(tidyverse)
── Attaching core tidyverse packages ──────────────────────── tidyverse 2.0.0 ──
✔ dplyr     1.1.3     ✔ readr     2.1.4
✔ forcats   1.0.0     ✔ stringr   1.5.0
✔ ggplot2   3.4.3     ✔ tibble    3.2.1
✔ lubridate 1.9.2     ✔ tidyr     1.3.0
✔ purrr     1.0.2     
── Conflicts ────────────────────────────────────────── tidyverse_conflicts() ──
✖ dplyr::between()     masks data.table::between()
✖ dplyr::filter()      masks stats::filter()
✖ dplyr::first()       masks data.table::first()
✖ lubridate::hour()    masks data.table::hour()
✖ lubridate::isoweek() masks data.table::isoweek()
✖ dplyr::lag()         masks stats::lag()
✖ dplyr::last()        masks data.table::last()
✖ lubridate::mday()    masks data.table::mday()
✖ lubridate::minute()  masks data.table::minute()
✖ lubridate::month()   masks data.table::month()
✖ lubridate::quarter() masks data.table::quarter()
✖ lubridate::second()  masks data.table::second()
✖ purrr::transpose()   masks data.table::transpose()
✖ lubridate::wday()    masks data.table::wday()
✖ lubridate::week()    masks data.table::week()
✖ lubridate::yday()    masks data.table::yday()
✖ lubridate::year()    masks data.table::year()
ℹ Use the conflicted package (<http://conflicted.r-lib.org/>) to force all conflicts to become errors
> #options(ggplot2.continuous.colour = "viridis")
> #options(ggplot2.continuous.fill = "viridis")
> library(ramb)
> library(omar)
> library(argosfilter)
> library(arrow)
Some features are not enabled in this build of Arrow. Run `arrow_info()` for more information.

Attaching package: ‘arrow’

The following object is masked from ‘package:lubridate’:

    duration

The following object is masked from ‘package:utils’:

    timestamp

> 
> # Auxilary data ----------------------------------------------------------------
> island <- 
+   read_sf("data-aux/shoreline.gpkg") |> 
+   st_transform(crs = 3057) |> 
+   st_buffer(dist = -100) |> 
+   st_transform(crs = 4326)
> harbour <- read_sf("data-aux/harbours.gpkg")
> harbours.standards <- 
+   readxl::read_excel("data-aux/harbours.xlsx") |> 
+   select(hid, hid_std)
> LB <- read_rds("data/logbooks/station-for-ais.rds")
> 
> con <- connect_mar()
> 
> YEARS <- 2009:2022
> D1 <- paste0(min(YEARS), "-01-01")
> D2 <- paste0(max(YEARS), "-12-31")
> 
> # Make the connection for each fishing vessel trail ----------------------------
> 
> # limit analysis by vessels listed in the landings database, excluding foreigners
> vessels <- 
+   omar::ln_agf(con) |> 
+   filter(between(date, to_date(D1, "YYYY-MM-DD"), to_date(D2, "YYYY-MM-DD"))) |> 
+   filter(!between(vid, 3700, 4999)) |>
+   filter(vid != 9999) |> # apparantly used for "sjostöng"
+   filter(vid > 0) |> 
+   group_by(vid) |> 
+   summarise(wt = sum(wt, na.rm = TRUE) / 1e3,
+             .groups = "drop") |> 
+   filter(wt > 0) |> 
+   left_join(omar:::stk_midvid(con) |> 
+               select(mid, vid, t1, t2, pings),
+             by = "vid")
> vessels |> 
+   collect(n = Inf) |> 
+   filter(is.na(mid)) |> 
+   knitr::kable(caption = "Vessels with no mid-match")


Table: Vessels with no mid-match

|  vid|        wt| mid|t1 |t2 | pings|
|----:|---------:|---:|:--|:--|-----:|
| 9928|  13.65345|  NA|NA |NA |    NA|
| 2621|  35.31100|  NA|NA |NA |    NA|
| 8007|   0.09900|  NA|NA |NA |    NA|
| 9938|  11.37639|  NA|NA |NA |    NA|
| 8008|  11.70900|  NA|NA |NA |    NA|
| 9911|  35.70591|  NA|NA |NA |    NA|
| 2753|  98.72900|  NA|NA |NA |    NA|
| 9908|  27.52254|  NA|NA |NA |    NA|
| 9922|   4.14016|  NA|NA |NA |    NA|
| 1599| 110.87465|  NA|NA |NA |    NA|
| 7714| 235.27200|  NA|NA |NA |    NA|
| 9927|   8.21970|  NA|NA |NA |    NA|
> 
> ### trail raw ------------------------------------------------------------------
> trail <-
+   vessels |> 
+   filter(!is.na(mid)) |> 
+   select(vid, mid, t1, t2) |> 
+   mutate(t1 = to_date(t1, "YYYY:MM:DD"),
+          t2 = to_date(t2, "YYYY:MM:DD")) |> 
+   left_join(omar::stk_trail(con),
+             by = "mid") |> 
+   # ensures correct vid-mid match, because of many-to-many
+   filter(time >= t1 & time <= t2)
> 
> # Extract trail by vessel ------------------------------------------------------
> VID <- 
+   vessels |> 
+   filter(!is.na(mid)) |> 
+   collect(n = Inf) |> 
+   pull(vid) |> 
+   sort() |> 
+   unique()
> 
> # 2023-08-31: start from next vessel after 3010
> for(v in 1:length(VID)) {
+   VIDv <- VID[v]
+   print(VIDv)
+   trailv <- 
+     trail |> 
+     filter(vid == VIDv) |> 
+     select(-c(t1, t2)) |> 
+     collect(n = Inf) |> 
+     arrange(time) |> 
+     filter(between(lon, -35, 30),
+            between(lat, 50, 79)) %>%
+     left_join(harbours.standards,
+               by = "hid") |> 
+     select(-hid) |> 
+     rename(hid = hid_std) |> 
+     st_as_sf(coords = c("lon", "lat"),
+              crs = 4326,
+              remove = FALSE) |> 
+     st_join(harbour) |> 
+     st_join(island) |> 
+     st_drop_geometry() |> 
+     # 2023-05-12: 
+     #             if point in harbour, then not on land
+     # mutate(on_land = replace_na(on_land, FALSE)) |> 
+     mutate(on_land = case_when(!is.na(hid_std)  & on_land == TRUE ~ FALSE,
+                                is.na(hid_std)   & on_land == TRUE ~ TRUE,
+                                .default = FALSE)) |> 
+     # The order matters when it comes to the distinct below
+     arrange(vid, time, hid, io) |> 
+     mutate(vid = as.integer(vid),
+            .rid = 1:n(),
+            vms = "yes")
+   
+   if(nrow(trailv) > 5) {
+     
+     if(test) {
+       trailv |> mutate(in.harbour = !is.na(hid_std)) |> count(in.harbour, on_land)
+     }
+     
+     tmp <- 
+       trailv |> 
+       filter(!on_land) |> 
+       distinct(time, .keep_all = TRUE)
+     removed <- 
+       trailv |> 
+       filter(!.rid %in% tmp$.rid)
+     if(test) {
+       removed |> count(on_land)
+       # points truly on land
+       removed |> 
+         filter(on_land) |> 
+         st_as_sf(coords = c("lon", "lat"),
+                  crs = 4326) |> 
+         ramb::rb_mapdeck()
+       # time duplicates
+       removed |> 
+         filter(!on_land) |> 
+         mutate(hid_std_found = !is.na(hid_std)) |> 
+         count(io, hid_std) |> 
+         spread(io, n)
+       removed |> 
+         filter(!on_land) |> 
+         st_as_sf(coords = c("lon", "lat"),
+                  crs = 4326) |> 
+         ramb::rb_mapdeck()
+     }
+     
+     ### define trips -------------------------------------------------------------
+     trailv <- 
+       tmp |> 
+       # cruise id (aka tripid), negative values: in harbour
+       mutate(.cid = ramb::rb_trip(!is.na(hid_std))) |>
+       mutate(hid_dep = hid_std,
+              hid_arr = hid_std) |> 
+       group_by(vid) |> 
+       fill(hid_dep, .direction = "downup") |> 
+       fill(hid_arr, .direction = "updown") |> 
+       ungroup() |> 
+       # should not be needed
+       filter(between(year(time), 2009, 2023)) |> 
+       select(vid, time, .cid, lon, lat, speed, hid_dep, hid_arr, .rid, vms) |> 
+       # filter(.cid > 0) |> 
+       group_by(vid, .cid) |> 
+       mutate(v = ifelse(n() > 5 & .cid > 0,
+                         # Note: FIRST arguement is lat
+                         vmask(lat, lon, time, vmax = rb_kn2ms(30)),
+                         "short")) |> 
+       ungroup() |> 
+       mutate(v = as.character(v))
+     
+     if(test) {
+       trailv |> 
+         filter(v == "short", .cid > 0) |> 
+         st_as_sf(coords = c("lon", "lat"),
+                  crs = 4326) |> 
+         group_by(.cid) |> 
+         filter(n() > 1) |> 
+         rb_mapdeck(no_lines = FALSE)
+       trailv |> 
+         filter(v == "short", .cid > 0) |> 
+         count(.cid) |> 
+         count(n)
+     }
+     
+     trailv_store <- 
+       trailv |> 
+       filter(.cid < 0 | v %in% c("removed", "short"))
+     trailv_trips <- 
+       trailv |> 
+       filter(.cid > 0 & v %in% c("end_location", "not")) |> 
+       mutate(time = round_date(time, "minutes"))
+     check <- nrow(trailv) == nrow(trailv_store) + nrow(trailv_trips)
+     if(!check) print("rows not the same")
+     
+     # 2023-08-31: Added, problem with vid = 3010
+     if(nrow(trailv_trips) > 20) {
+       
+       # Expand the time grid of each trip ------------------------------------------
+       res <- list()
+       vessel_cids <- unique(trailv_trips$.cid)
+       # loop through each trip -----------------------------------------------------
+       for(t in 1:length(vessel_cids)) {
+         CID <- vessel_cids[t]
+         # print(CID)
+         tmp01 <- 
+           trailv_trips |> 
+           filter(.cid == CID)
+         res[[t]] <- 
+           tibble(time = seq(min(tmp01$time),
+                             max(tmp01$time),
+                             by = "30 sec")) |> 
+           left_join(tmp01,
+                     by = join_by(time)) |> 
+           fill(vid, .cid, hid_dep, hid_arr) |> 
+           mutate(vms = replace_na(vms, "no"),
+                  y = 1:n()) |> 
+           mutate(lon = approx(y, lon, y, method = "linear", rule = 1, f = 0, ties = mean)$y,
+                  lat = approx(y, lat, y, method = "linear", rule = 1, f = 0, ties = mean)$y,
+                  speed = approx(y, speed, y, method = "linear", rule = 1, f = 0, ties = mean)$y) %>%
+           select(-y)
+       }
+       
+       # Here merge the logbooks ... ???
+       LB_vessel <-
+         LB %>%
+         filter(vid == VIDv) %>% 
+         select(vid, .sid, gid, t1, t2) %>%
+         pivot_longer(cols = c(t1, t2),
+                      names_to = "startend",
+                      values_to = "time") %>%
+         arrange(vid, time) %>%
+         mutate(time = round_date(time, "minutes"),
+                vid = as.integer(vid),
+                gid = as.integer(gid),
+                source = "logbooks")
+       
+       # allocation of visir not working
+       #  need to get the gear right - want them in the processed data
+       res2 <- 
+         res |> 
+         bind_rows() |> 
+         bind_rows(LB_vessel) %>%
+         arrange(time) %>%
+         mutate(x = if_else(startend == "t1", 1, 0, 0)) %>%
+         mutate(x = case_when(startend == "t1" ~ 1,
+                              startend == "t2" ~ -1,
+                              TRUE ~ 0)) %>%
+         mutate(x = cumsum(x)) %>%
+         fill(.sid, gid) |> 
+         mutate(.sid = ifelse(x == 1 | startend == "t2", .sid, NA_integer_),
+                gid = ifelse(x == 1 | startend == "t2", gid, NA_integer_)) |> 
+         filter(is.na(source)) |> 
+         select(-source)
+       if(test) { 
+         res2 |> 
+           glimpse()
+         res2 |> 
+           mutate(has.visir = !is.na(.sid),
+                  has.gid = !is.na(gid)) |> 
+           count(has.visir, has.gid)
+       }
+       
+       # include crs 3857
+       xy <- 
+         res2 |> 
+         select(lon, lat) |> 
+         st_as_sf(coords = c("lon", "lat"),
+                  crs = 4326) |> 
+         st_transform(crs = 3857) |> 
+         st_coordinates() |> 
+         as_tibble()
+       
+       res2$x <- xy$X
+       res2$y <- xy$Y
+       
+       # and now for the save ...
+       #  here only save positive trips with more than 5 pings
+       
+       pth <- paste0("data/ais/", str_pad(VIDv, width = 4, pad = "0"), ".parquet")
+       res2 |> write_parquet(pth)
+       
+     }
+     
+   } # end of if statement: if(nrow(trailv) > 5)
+   
+ }
[1] 13
[1] 67
[1] 78
[1] 84
[1] 89
[1] 91
[1] 100
[1] 117
[1] 137
[1] 155
[1] 173
[1] 177
[1] 182
[1] 183
[1] 219
[1] 220
[1] 233
[1] 237
[1] 239
[1] 253
