[1] "2024-12-04 06:00:01 GMT"
── Attaching core tidyverse packages ──────────────────────── tidyverse 2.0.0 ──
✔ dplyr     1.1.4     ✔ readr     2.1.5
✔ forcats   1.0.0     ✔ stringr   1.5.1
✔ ggplot2   3.5.1     ✔ tibble    3.2.1
✔ lubridate 1.9.3     ✔ tidyr     1.3.1
✔ purrr     1.0.2     
── Conflicts ────────────────────────────────────────── tidyverse_conflicts() ──
✖ dplyr::filter() masks stats::filter()
✖ dplyr::lag()    masks stats::lag()
ℹ Use the conflicted package (<http://conflicted.r-lib.org/>) to force all conflicts to become errors
Some features are not enabled in this build of Arrow. Run `arrow_info()` for more information.

Attaching package: ‘arrow’

The following object is masked from ‘package:lubridate’:

    duration

The following object is masked from ‘package:utils’:

    timestamp



Table: Same landings date, different harbours

| n_harbours|      n|     p|
|----------:|------:|-----:|
|          1| 862479| 0.998|
|          2|   1534| 0.002|


Table: Same landings date, different gear

| n_gears|      n|     p|
|-------:|------:|-----:|
|       1| 863166| 0.999|
|       2|    846| 0.001|
|       3|      1| 0.000|


Table: Same landings date, different landings id (expect zero)

| n_lid|      n|  p|
|-----:|------:|--:|
|     1| 864013|  1|


Table: Same landings date, different harbours

| n_harbours|      n|  p|
|----------:|------:|--:|
|          1| 864013|  1|


Table: Same landings date, different gear

| n_gears|      n|  p|
|-------:|------:|--:|
|       1| 864013|  1|


Table: Same landings date, different landings id (expect zero)

| n_lid|      n|  p|
|-----:|------:|--:|
|     1| 864013|  1|


Table: Number of landings id lost (expect zero)

| .lid| vid|datel | hid_ln| gid_ln| sid| wt|
|----:|---:|:-----|------:|------:|---:|--:|


Table: Same landings date, different harbours

| n_harbours|       n|     p|
|----------:|-------:|-----:|
|          1| 1297600| 0.992|
|          2|   10985| 0.008|
|          3|      29| 0.000|


Table: Same landings date, different gear

| n_gears|       n|  p|
|-------:|-------:|--:|
|       1| 1308025|  1|
|       2|     588|  0|
|       3|       1|  0|


Table: Same landings date, different landings id (expect zero)

| n_lid|       n|  p|
|-----:|-------:|--:|
|     1| 1308614|  1|


Table: Same landings date, different harbours

| n_harbours|       n|  p|
|----------:|-------:|--:|
|          1| 1308614|  1|


Table: Same landings date, different gear

| n_gears|       n|  p|
|-------:|-------:|--:|
|       1| 1308614|  1|


Table: Same landings date, different landings id (expect zero)

| n_lid|       n|  p|
|-----:|-------:|--:|
|     1| 1308614|  1|


Table: Number of landings id lost (expect zero)

| .lid| vid|datel | hid_ln| gid_ln| sid| wt|
|----:|---:|:-----|------:|------:|---:|--:|
Joining with `by = join_by(vid, datel)`
Joining with `by = join_by(.lid)`
Joining with `by = join_by(.lid)`
Joining with `by = join_by(sid)`


Table: Difference in weight reported

|  sid|   wt_agf|  wt_lods|    diff|      p|
|----:|--------:|--------:|-------:|------:|
|  951|   84.274|   63.808|  20.466|  0.757|
|   43|    4.280|    3.834|   0.446|  0.896|
|  565|    0.058|    0.052|   0.006|  0.900|
| 1125|   98.258|   89.599|   8.659|  0.912|
|  173|    2.921|    2.763|   0.158|  0.946|
|  161|    0.171|    0.166|   0.004|  0.976|
|   36| 2287.856| 2254.201|  33.655|  0.985|
|   63|    0.003|    0.003|   0.000|  0.991|
|   62|    0.588|    0.583|   0.004|  0.992|
|   18|    0.028|    0.027|   0.000|  0.994|
|  199|   38.407|   38.270|   0.138|  0.996|
|  527|    0.004|    0.004|   0.000|  0.996|
|   94|    0.000|    0.000|   0.000|  0.997|
|   31| 3371.798| 3366.456|   5.342|  0.998|
|   45|    3.425|    3.420|   0.006|  0.998|
|   47|    0.696|    0.695|   0.001|  0.998|
|   99|    0.062|    0.062|   0.000|  0.999|
|  201|    0.001|    0.001|   0.000|  0.999|
|  281|    0.001|    0.001|   0.000|  0.999|
|   19|  115.200|  115.223|  -0.024|  1.000|
|   30| 2705.558| 2704.401|   1.157|  1.000|
|   33|    4.808|    4.808|   0.000|  1.000|
|   35|    0.001|    0.001|   0.000|  1.000|
|   37|    0.000|    0.000|   0.000|  1.000|
|   40|   18.182|   18.183|  -0.001|  1.000|
|   42|    0.006|    0.006|   0.000|  1.000|
|   44|    0.443|    0.443|   0.000|  1.000|
|   60|    7.242|    7.242|   0.000|  1.000|
|   77|    0.934|    0.934|   0.000|  1.000|
|   86|    0.284|    0.284|   0.000|  1.000|
|   90|    0.008|    0.008|   0.000|  1.000|
|  105|    0.000|    0.000|   0.000|  1.000|
|  109|    0.001|    0.001|   0.000|  1.000|
|  130|   73.258|   73.258|   0.000|  1.000|
|  138|    0.000|    0.000|   0.000|  1.000|
|  150|    0.000|    0.000|   0.000|  1.000|
|  155|    0.062|    0.062|   0.000|  1.000|
|  160|    0.005|    0.005|   0.000|  1.000|
|  163|    0.000|    0.000|   0.000|  1.000|
|  181|    0.000|    0.000|   0.000|  1.000|
|  191|    4.395|    4.393|   0.002|  1.000|
|  197|    0.009|    0.009|   0.000|  1.000|
|  200|    0.000|    0.000|   0.000|  1.000|
|  232|    0.103|    0.103|   0.000|  1.000|
|  248|    0.004|    0.004|   0.000|  1.000|
|  280|    0.000|    0.000|   0.000|  1.000|
|  286|    0.002|    0.002|   0.000|  1.000|
|  512|    0.003|    0.003|   0.000|  1.000|
|  533|    0.102|    0.102|   0.000|  1.000|
|  597|    0.014|    0.014|   0.000|  1.000|
|  665|    0.000|    0.000|   0.000|  1.000|
|  689|    0.246|    0.246|   0.000|  1.000|
|  703|    0.001|    0.001|   0.000|  1.000|
|  950|    0.534|    0.534|   0.000|  1.000|
| 1001|    0.000|    0.000|   0.000|  1.000|
| 1009|    0.464|    0.464|   0.000|  1.000|
| 1051|    0.001|    0.001|   0.000|  1.000|
| 1126|   14.996|   14.996|   0.000|  1.000|
| 1127|    0.000|    0.000|   0.000|  1.000|
|   12|   15.724|   15.734|  -0.010|  1.001|
|   28|    2.199|    2.201|  -0.002|  1.001|
|   34| 2966.097| 2967.993|  -1.896|  1.001|
|   41|   88.664|   88.734|  -0.071|  1.001|
|  564|    0.012|    0.012|   0.000|  1.001|
|    3|  845.154|  846.953|  -1.800|  1.002|
|   27|    9.705|    9.720|  -0.015|  1.002|
|   46|    0.174|    0.175|  -0.001|  1.003|
|   93|    0.430|    0.431|  -0.001|  1.003|
|  175|    0.000|    0.000|   0.000|  1.003|
|   85|    0.000|    0.000|   0.000|  1.004|
|   22|  208.045|  209.071|  -1.026|  1.005|
|    1| 3725.799| 3746.937| -21.138|  1.006|
|    8|   59.017|   59.361|  -0.344|  1.006|
|   17|    0.340|    0.343|  -0.003|  1.008|
|  279|    0.086|    0.086|  -0.001|  1.008|
|   76|    0.028|    0.028|   0.000|  1.009|
|   11|   67.030|   67.717|  -0.687|  1.010|
|    6|  134.994|  136.617|  -1.623|  1.012|
|   13|   24.484|   24.821|  -0.338|  1.014|
|  179|    0.102|    0.104|  -0.001|  1.014|
|   25|   16.299|   16.541|  -0.242|  1.015|
|    5|  678.105|  689.393| -11.288|  1.017|
|   95|    0.003|    0.003|   0.000|  1.024|
|   26|    4.626|    4.753|  -0.126|  1.027|
|    9|  146.356|  150.399|  -4.042|  1.028|
|   61|  154.477|  158.984|  -4.507|  1.029|
|   15|    2.273|    2.350|  -0.077|  1.034|
|    2|  824.994|  861.845| -36.851|  1.045|
|   23|  103.669|  108.414|  -4.746|  1.046|
|   39|    0.045|    0.048|  -0.002|  1.051|
|   96|    0.018|    0.019|  -0.001|  1.052|
|   14|   19.422|   20.799|  -1.378|  1.071|
|   21|    2.994|    3.219|  -0.225|  1.075|
|    7|   28.667|   31.067|  -2.400|  1.084|
|  210|    0.000|    0.000|   0.000|  1.105|
|  151|    0.000|    0.000|   0.000|  1.111|
|   24|   22.508|   25.139|  -2.631|  1.117|
|   10|    0.451|    0.511|  -0.061|  1.135|
|    4|   16.035|   19.404|  -3.369|  1.210|
|  606|    0.003|    0.004|  -0.001|  1.457|
|   49|    0.139|    0.206|  -0.067|  1.483|
|   16|    0.216|    0.324|  -0.108|  1.500|
|   20|    0.001|    0.012|  -0.011| 14.707|
| 1128|    0.014|       NA|      NA|     NA|
|  174|       NA|    0.007|      NA|     NA|
|  949|       NA|    5.504|      NA|     NA|
322.329 sec elapsed
─ Session info ───────────────────────────────────────────────────────────────
 setting  value
 version  R version 4.4.1 (2024-06-14)
 os       Debian GNU/Linux 11 (bullseye)
 system   x86_64, linux-gnu
 ui       X11
 language (EN)
 collate  is_IS.UTF-8
 ctype    is_IS.UTF-8
 tz       Atlantic/Reykjavik
 date     2024-12-04
 pandoc   2.9.2.1 @ /usr/bin/pandoc

─ Packages ───────────────────────────────────────────────────────────────────
 package     * version    date (UTC) lib source
 arrow       * 17.0.0.1   2024-08-21 [1] CRAN (R 4.4.1)
 assertthat    0.2.1      2019-03-21 [1] CRAN (R 4.4.1)
 bit           4.5.0      2024-09-20 [1] CRAN (R 4.4.1)
 bit64         4.5.2      2024-09-22 [1] CRAN (R 4.4.1)
 blob          1.2.4      2023-03-17 [1] CRAN (R 4.4.1)
 cachem        1.1.0      2024-05-16 [1] CRAN (R 4.4.1)
 cli           3.6.3      2024-06-21 [1] CRAN (R 4.4.1)
 colorspace    2.1-1      2024-07-26 [1] CRAN (R 4.4.1)
 DBI           1.2.3      2024-06-02 [1] CRAN (R 4.4.1)
 dbplyr        2.5.0      2024-03-19 [1] CRAN (R 4.4.1)
 devtools      2.4.5      2022-10-11 [1] CRAN (R 4.4.1)
 digest        0.6.37     2024-08-19 [1] CRAN (R 4.4.1)
 dplyr       * 1.1.4      2023-11-17 [1] CRAN (R 4.4.1)
 ellipsis      0.3.2      2021-04-29 [1] CRAN (R 4.4.1)
 evaluate      1.0.1      2024-10-10 [1] CRAN (R 4.4.1)
 fansi         1.0.6      2023-12-08 [1] CRAN (R 4.4.1)
 fastmap       1.2.0      2024-05-15 [1] CRAN (R 4.4.1)
 forcats     * 1.0.0      2023-01-29 [1] CRAN (R 4.4.1)
 fs            1.6.5      2024-10-30 [1] CRAN (R 4.4.1)
 generics      0.1.3      2022-07-05 [1] CRAN (R 4.4.1)
 ggplot2     * 3.5.1      2024-04-23 [1] CRAN (R 4.4.1)
 glue          1.8.0      2024-09-30 [1] CRAN (R 4.4.1)
 gtable        0.3.6      2024-10-25 [1] CRAN (R 4.4.1)
 hms           1.1.3      2023-03-21 [1] CRAN (R 4.4.1)
 htmltools     0.5.8.1    2024-04-04 [1] CRAN (R 4.4.1)
 htmlwidgets   1.6.4      2023-12-06 [1] CRAN (R 4.4.1)
 httpuv        1.6.15     2024-03-26 [1] CRAN (R 4.4.1)
 knitr         1.49       2024-11-08 [1] CRAN (R 4.4.1)
 later         1.4.1      2024-11-27 [1] CRAN (R 4.4.1)
 lifecycle     1.0.4      2023-11-07 [1] CRAN (R 4.4.1)
 lubridate   * 1.9.3      2023-09-27 [1] CRAN (R 4.4.1)
 magrittr      2.0.3      2022-03-30 [1] CRAN (R 4.4.1)
 memoise       2.0.1      2021-11-26 [1] CRAN (R 4.4.1)
 mime          0.12       2021-09-28 [1] CRAN (R 4.4.1)
 miniUI        0.1.1.1    2018-05-18 [1] CRAN (R 4.4.1)
 munsell       0.5.1      2024-04-01 [1] CRAN (R 4.4.1)
 omar        * 2024.01.29 2024-10-17 [1] Github (einarhjorleifsson/omar@b76358b)
 pillar        1.9.0      2023-03-22 [1] CRAN (R 4.4.1)
 pkgbuild      1.4.5      2024-10-28 [1] CRAN (R 4.4.1)
 pkgconfig     2.0.3      2019-09-22 [1] CRAN (R 4.4.1)
 pkgload       1.4.0      2024-06-28 [1] CRAN (R 4.4.1)
 profvis       0.4.0      2024-09-20 [1] CRAN (R 4.4.1)
 promises      1.3.2      2024-11-28 [1] CRAN (R 4.4.1)
 purrr       * 1.0.2      2023-08-10 [1] CRAN (R 4.4.1)
 R6            2.5.1      2021-08-19 [1] CRAN (R 4.4.1)
 Rcpp          1.0.13-1   2024-11-02 [1] CRAN (R 4.4.1)
 readr       * 2.1.5      2024-01-10 [1] CRAN (R 4.4.1)
 remotes       2.5.0      2024-03-17 [1] CRAN (R 4.4.1)
 rlang         1.1.4      2024-06-04 [1] CRAN (R 4.4.1)
 ROracle       1.3-1.1    2021-11-10 [1] CRAN (R 4.4.1)
 scales        1.3.0      2023-11-28 [1] CRAN (R 4.4.1)
 sessioninfo   1.2.2      2021-12-06 [1] CRAN (R 4.4.1)
 shiny         1.9.1      2024-08-01 [1] CRAN (R 4.4.1)
 stringi       1.8.4      2024-05-06 [1] CRAN (R 4.4.1)
 stringr     * 1.5.1      2023-11-14 [1] CRAN (R 4.4.1)
 tibble      * 3.2.1      2023-03-20 [1] CRAN (R 4.4.1)
 tictoc      * 1.2.1      2024-03-18 [1] CRAN (R 4.4.1)
 tidyr       * 1.3.1      2024-01-24 [1] CRAN (R 4.4.1)
 tidyselect    1.2.1      2024-03-11 [1] CRAN (R 4.4.1)
 tidyverse   * 2.0.0      2023-02-22 [1] CRAN (R 4.4.1)
 timechange    0.3.0      2024-01-18 [1] CRAN (R 4.4.1)
 tzdb          0.4.0      2023-05-12 [1] CRAN (R 4.4.1)
 urlchecker    1.0.1      2021-11-30 [1] CRAN (R 4.4.1)
 usethis       3.1.0      2024-11-26 [1] CRAN (R 4.4.1)
 utf8          1.2.4      2023-10-22 [1] CRAN (R 4.4.1)
 vctrs         0.6.5      2023-12-01 [1] CRAN (R 4.4.1)
 withr         3.0.2      2024-10-28 [1] CRAN (R 4.4.1)
 xfun          0.49       2024-10-31 [1] CRAN (R 4.4.1)
 xtable        1.8-4      2019-04-21 [1] CRAN (R 4.4.1)

 [1] /home/haf/einarhj/R/x86_64-pc-linux-gnu-library/4.4
 [2] /usr/lib/R/library

──────────────────────────────────────────────────────────────────────────────
> proc.time()
   user  system elapsed 
310.620   4.109 323.489 
