[1] "2024-12-04 07:00:01 GMT"
Some features are not enabled in this build of Arrow. Run `arrow_info()` for more information.

Attaching package: ‘arrow’

The following object is masked from ‘package:utils’:

    timestamp


Attaching package: ‘data.table’

The following object is masked from ‘package:tictoc’:

    shift

── Attaching core tidyverse packages ──────────────────────── tidyverse 2.0.0 ──
✔ dplyr     1.1.4     ✔ readr     2.1.5
✔ forcats   1.0.0     ✔ stringr   1.5.1
✔ ggplot2   3.5.1     ✔ tibble    3.2.1
✔ lubridate 1.9.3     ✔ tidyr     1.3.1
✔ purrr     1.0.2     
── Conflicts ────────────────────────────────────────── tidyverse_conflicts() ──
✖ dplyr::between()      masks data.table::between()
✖ lubridate::duration() masks arrow::duration()
✖ dplyr::filter()       masks stats::filter()
✖ dplyr::first()        masks data.table::first()
✖ lubridate::hour()     masks data.table::hour()
✖ lubridate::isoweek()  masks data.table::isoweek()
✖ dplyr::lag()          masks stats::lag()
✖ dplyr::last()         masks data.table::last()
✖ lubridate::mday()     masks data.table::mday()
✖ lubridate::minute()   masks data.table::minute()
✖ lubridate::month()    masks data.table::month()
✖ lubridate::quarter()  masks data.table::quarter()
✖ lubridate::second()   masks data.table::second()
✖ purrr::transpose()    masks data.table::transpose()
✖ lubridate::wday()     masks data.table::wday()
✖ lubridate::week()     masks data.table::week()
✖ lubridate::yday()     masks data.table::yday()
✖ lubridate::year()     masks data.table::year()
ℹ Use the conflicted package (<http://conflicted.r-lib.org/>) to force all conflicts to become errors
[1] "Original settings: 3054506 Settings retained: 3052124"
[1] "Records lossed: 2382 Proportion retained: 0.999220168498605"


| gid|   FALSE| TRUE|
|---:|-------:|----:|
|   1|  393253| 1364|
|   2|  230103| 1361|
|   3|  351275| 3785|
|   5|  562952|   NA|
|   6| 1116561|    9|
|   7|   96158| 1018|
|   8|       1|   NA|
|   9|   85850|    6|
|  10|    8582|    1|
|  12|   27275|   36|
|  14|  134363|   12|
|  15|   11154|   48|
|  18|     203|  593|
|  38|   17462|  121|
|  39|    1128| 1453|
|  40|    5854|  143|


Table: Number of records in new database that are also in the old database.

|source                                        |     no|   yes|
|:---------------------------------------------|------:|-----:|
|APP TÖFLUR                                    |     19|    NA|
|Fishtech raun                                 |    388|    NA|
|Fishtech raun - GAFL AUTO                     |     14|    NA|
|Fontos raun                                   |   3387|    NA|
|Fontos raun - GAFL AUTO                       |    192|    NA|
|FRA GAFLI - AUTO                              |     12|    NA|
|FRA GAFLI - AUTO - Skrifstofa VES             |      7|    NA|
|FRA TAKTIKAL                                  |   6983|     7|
|FRA TAKTIKAL - GAFL AUTO                      |      9|    NA|
|GAFL BÓK UPPFÆRÐ FRÁ TAKTIKAL                 |      2|    NA|
|Jóhann Gíslason raun                          |   2389|     7|
|Jóhann Gíslason raun - GAFL AUTO              |      5|    NA|
|Marína raun                                   |   9228|    NA|
|Marína raun - GAFL AUTO                       |    241|    NA|
|Marína raun - Skrifstofa VES                  |      4|    NA|
|PAPPÍR                                        |    224|  2787|
|Reiknistofa fiskmarkaða raun                  |     10|    NA|
|Reiknistofa fiskmarkaða raun - Skrifstofa VES |      1|    NA|
|STOKKUR                                       |  22759|   201|
|TRACKWELL                                     |   1856| 93661|
|TRACKWELL - GAFL AUTO                         |     NA|   113|
|TRACKWELL BAEKUR                              |     27| 28810|
|Trackwell raun                                | 223871|   377|
|Trackwell raun - GAFL AUTO                    |   3592|    NA|
|Trackwell raun - Skrifstofa VES               |    128|    NA|
|Trackwell raun - Skrifstofa VES - GAFL AUTO   |     77|    NA|
# A tibble: 25 × 4
   source                            ghost mirror    ok
   <chr>                             <int>  <int> <int>
 1 APP TÖFLUR                           NA     19    NA
 2 Fishtech raun                        NA    388    NA
 3 Fishtech raun - GAFL AUTO            NA     14    NA
 4 Fontos raun                           1   3279   107
 5 Fontos raun - GAFL AUTO              NA    192    NA
 6 FRA GAFLI - AUTO                     NA     NA    12
 7 FRA GAFLI - AUTO - Skrifstofa VES    NA     NA     7
 8 FRA TAKTIKAL                        215     NA  6768
 9 FRA TAKTIKAL - GAFL AUTO             NA     NA     9
10 GAFL BÓK UPPFÆRÐ FRÁ TAKTIKAL        NA     NA     2
# ℹ 15 more rows
Joining with `by = join_by(gid)`
[1] "Records in base: 275425 Records in auxillary: 250791"


Table: Source of effort orphan files

|source                                        |     no|   yes|
|:---------------------------------------------|------:|-----:|
|APP TÖFLUR                                    |     19|    NA|
|Fishtech raun                                 |    388|    NA|
|Fishtech raun - GAFL AUTO                     |     14|    NA|
|Fontos raun                                   |   3387|    NA|
|Fontos raun - GAFL AUTO                       |    192|    NA|
|FRA GAFLI - AUTO                              |     NA|    12|
|FRA GAFLI - AUTO - Skrifstofa VES             |     NA|     7|
|FRA TAKTIKAL                                  |   6983|    NA|
|FRA TAKTIKAL - GAFL AUTO                      |      9|    NA|
|GAFL BÓK UPPFÆRÐ FRÁ TAKTIKAL                 |      2|    NA|
|Jóhann Gíslason raun                          |   2389|    NA|
|Jóhann Gíslason raun - GAFL AUTO              |      5|    NA|
|Marína raun                                   |   9228|    NA|
|Marína raun - GAFL AUTO                       |    241|    NA|
|Marína raun - Skrifstofa VES                  |      4|    NA|
|PAPPÍR                                        |    224|    NA|
|Reiknistofa fiskmarkaða raun                  |     10|    NA|
|Reiknistofa fiskmarkaða raun - Skrifstofa VES |      1|    NA|
|STOKKUR                                       |     NA| 22759|
|TRACKWELL                                     |     NA|  1856|
|TRACKWELL BAEKUR                              |     27|    NA|
|Trackwell raun                                | 223871|    NA|
|Trackwell raun - GAFL AUTO                    |   3592|    NA|
|Trackwell raun - Skrifstofa VES               |    128|    NA|
|Trackwell raun - Skrifstofa VES - GAFL AUTO   |     77|    NA|


Table: Gear list of effort orphan files

|source                            |   1|   2|     3|   5|    6|  7|   25| 29| 91|  99|
|:---------------------------------|---:|---:|-----:|---:|----:|--:|----:|--:|--:|---:|
|FRA GAFLI - AUTO                  |   1|   2|     9|  NA|   NA| NA|   NA| NA| NA|  NA|
|FRA GAFLI - AUTO - Skrifstofa VES |   2|  NA|     5|  NA|   NA| NA|   NA| NA| NA|  NA|
|STOKKUR                           | 550| 555| 18963|  NA|   NA| NA| 2165|  2| 94| 430|
|TRACKWELL                         | 146|  85|   141| 332| 1139| 13|   NA| NA| NA|  NA|
# A tibble: 2 × 2
  .sid.in.new       n
  <chr>         <int>
1 ok          3051736
2 screeeeeeam     388
# A tibble: 2 × 2
  .sid.in.old      n
  <chr>        <int>
1 ok          275037
2 screeeeeeam    388
# A tibble: 388 × 3
    .sid base  .sid.in.new
   <dbl> <chr> <chr>      
 1  8252 old   screeeeeeam
 2  8254 old   screeeeeeam
 3  8278 old   screeeeeeam
 4  8279 old   screeeeeeam
 5  8281 old   screeeeeeam
 6  8285 old   screeeeeeam
 7  8286 old   screeeeeeam
 8  8287 old   screeeeeeam
 9  8288 old   screeeeeeam
10  8289 old   screeeeeeam
# ℹ 378 more rows
[1] "Number of logbook records with no catch: 13696 (0.4%)"
[1] 3327549 3327498


Table: Missing AGF landings id

|has.lid |       n|         p|
|:-------|-------:|---------:|
|FALSE   | 1222605| 0.3674247|
|TRUE    | 2104893| 0.6325753|


Table: Missing AGF landings id by year (high numbers prior to 2008 expected)

| year|      n|
|----:|------:|
| 2001| 208242|
| 2002| 189770|
| 2003| 192758|
| 2004| 191114|
| 2005| 174802|
| 2006| 162211|
| 2007| 103332|
| 2008|      1|
| 2009|     30|
| 2010|     16|
| 2011|     52|
| 2012|     54|
| 2013|     18|
| 2014|     23|
| 2015|      9|
| 2016|      2|
| 2017|      2|
| 2018|     24|
| 2019|      7|
| 2020|     39|
| 2021|     20|
| 2022|     60|
| 2023|     19|


Table: Difference in matched logbook and landings dates

| dt|       n|     p|     pc|
|--:|-------:|-----:|------:|
| -5|    9528|  0.46|   0.46|
| -4|    1297|  0.06|   0.53|
| -3|    3052|  0.15|   0.67|
| -2|    9023|  0.44|   1.11|
| -1|   50103|  2.43|   3.54|
|  0| 1933405| 93.81|  97.35|
|  1|   33151|  1.61|  98.96|
|  2|    6156|  0.30|  99.26|
|  3|    3098|  0.15|  99.41|
|  4|    1687|  0.08|  99.49|
|  5|   10059|  0.49|  99.98|
| NA|     376|  0.02| 100.00|
[1] 3327498 3327498


Table: Missing landings id

|has.lid |       n|         p|
|:-------|-------:|---------:|
|FALSE   |     475| 0.0001427|
|TRUE    | 3327023| 0.9998573|


Table: Difference in matched logbook and landings dates

| dt|       n|     p|     pc|
|--:|-------:|-----:|------:|
| -5|    9676|  0.29|   0.29|
| -4|    2952|  0.09|   0.38|
| -3|    6358|  0.19|   0.57|
| -2|   18086|  0.54|   1.11|
| -1|   94060|  2.83|   3.94|
|  0| 3057698| 91.89|  95.83|
|  1|   95695|  2.88|  98.71|
|  2|   17698|  0.53|  99.24|
|  3|    7423|  0.22|  99.46|
|  4|    5837|  0.18|  99.64|
|  5|   11540|  0.35|  99.99|
| NA|     475|  0.01| 100.00|
`stat_bin()` using `bins = 30`. Pick better value with `binwidth`.
522.673 sec elapsed
─ Session info ───────────────────────────────────────────────────────────────
 setting  value
 version  R version 4.4.1 (2024-06-14)
 os       Debian GNU/Linux 11 (bullseye)
 system   x86_64, linux-gnu
 ui       X11
 language (EN)
 collate  is_IS.UTF-8
 ctype    is_IS.UTF-8
 tz       Atlantic/Reykjavik
 date     2024-12-04
 pandoc   2.9.2.1 @ /usr/bin/pandoc

─ Packages ───────────────────────────────────────────────────────────────────
 package     * version    date (UTC) lib source
 arrow       * 17.0.0.1   2024-08-21 [1] CRAN (R 4.4.1)
 assertthat    0.2.1      2019-03-21 [1] CRAN (R 4.4.1)
 bit           4.5.0      2024-09-20 [1] CRAN (R 4.4.1)
 bit64         4.5.2      2024-09-22 [1] CRAN (R 4.4.1)
 blob          1.2.4      2023-03-17 [1] CRAN (R 4.4.1)
 cachem        1.1.0      2024-05-16 [1] CRAN (R 4.4.1)
 cli           3.6.3      2024-06-21 [1] CRAN (R 4.4.1)
 colorspace    2.1-1      2024-07-26 [1] CRAN (R 4.4.1)
 data.table  * 1.16.2     2024-10-10 [1] CRAN (R 4.4.1)
 DBI           1.2.3      2024-06-02 [1] CRAN (R 4.4.1)
 dbplyr        2.5.0      2024-03-19 [1] CRAN (R 4.4.1)
 devtools      2.4.5      2022-10-11 [1] CRAN (R 4.4.1)
 digest        0.6.37     2024-08-19 [1] CRAN (R 4.4.1)
 dplyr       * 1.1.4      2023-11-17 [1] CRAN (R 4.4.1)
 ellipsis      0.3.2      2021-04-29 [1] CRAN (R 4.4.1)
 evaluate      1.0.1      2024-10-10 [1] CRAN (R 4.4.1)
 fansi         1.0.6      2023-12-08 [1] CRAN (R 4.4.1)
 farver        2.1.2      2024-05-13 [1] CRAN (R 4.4.1)
 fastmap       1.2.0      2024-05-15 [1] CRAN (R 4.4.1)
 forcats     * 1.0.0      2023-01-29 [1] CRAN (R 4.4.1)
 fs            1.6.5      2024-10-30 [1] CRAN (R 4.4.1)
 generics      0.1.3      2022-07-05 [1] CRAN (R 4.4.1)
 ggplot2     * 3.5.1      2024-04-23 [1] CRAN (R 4.4.1)
 glue          1.8.0      2024-09-30 [1] CRAN (R 4.4.1)
 gtable        0.3.6      2024-10-25 [1] CRAN (R 4.4.1)
 hms           1.1.3      2023-03-21 [1] CRAN (R 4.4.1)
 htmltools     0.5.8.1    2024-04-04 [1] CRAN (R 4.4.1)
 htmlwidgets   1.6.4      2023-12-06 [1] CRAN (R 4.4.1)
 httpuv        1.6.15     2024-03-26 [1] CRAN (R 4.4.1)
 knitr         1.49       2024-11-08 [1] CRAN (R 4.4.1)
 labeling      0.4.3      2023-08-29 [1] CRAN (R 4.4.1)
 later         1.4.1      2024-11-27 [1] CRAN (R 4.4.1)
 lifecycle     1.0.4      2023-11-07 [1] CRAN (R 4.4.1)
 lubridate   * 1.9.3      2023-09-27 [1] CRAN (R 4.4.1)
 magrittr      2.0.3      2022-03-30 [1] CRAN (R 4.4.1)
 mar           2024-01-23 2024-10-31 [1] xgit (https://gitlab.hafogvatn.is/dev/mar.git@b8c1d3d)
 memoise       2.0.1      2021-11-26 [1] CRAN (R 4.4.1)
 mime          0.12       2021-09-28 [1] CRAN (R 4.4.1)
 miniUI        0.1.1.1    2018-05-18 [1] CRAN (R 4.4.1)
 munsell       0.5.1      2024-04-01 [1] CRAN (R 4.4.1)
 omar        * 2024.01.29 2024-10-17 [1] Github (einarhjorleifsson/omar@b76358b)
 pillar        1.9.0      2023-03-22 [1] CRAN (R 4.4.1)
 pkgbuild      1.4.5      2024-10-28 [1] CRAN (R 4.4.1)
 pkgconfig     2.0.3      2019-09-22 [1] CRAN (R 4.4.1)
 pkgload       1.4.0      2024-06-28 [1] CRAN (R 4.4.1)
 profvis       0.4.0      2024-09-20 [1] CRAN (R 4.4.1)
 promises      1.3.2      2024-11-28 [1] CRAN (R 4.4.1)
 purrr       * 1.0.2      2023-08-10 [1] CRAN (R 4.4.1)
 R6            2.5.1      2021-08-19 [1] CRAN (R 4.4.1)
 Rcpp          1.0.13-1   2024-11-02 [1] CRAN (R 4.4.1)
 readr       * 2.1.5      2024-01-10 [1] CRAN (R 4.4.1)
 remotes       2.5.0      2024-03-17 [1] CRAN (R 4.4.1)
 rlang         1.1.4      2024-06-04 [1] CRAN (R 4.4.1)
 ROracle       1.3-1.1    2021-11-10 [1] CRAN (R 4.4.1)
 scales        1.3.0      2023-11-28 [1] CRAN (R 4.4.1)
 sessioninfo   1.2.2      2021-12-06 [1] CRAN (R 4.4.1)
 shiny         1.9.1      2024-08-01 [1] CRAN (R 4.4.1)
 stringi       1.8.4      2024-05-06 [1] CRAN (R 4.4.1)
 stringr     * 1.5.1      2023-11-14 [1] CRAN (R 4.4.1)
 tibble      * 3.2.1      2023-03-20 [1] CRAN (R 4.4.1)
 tictoc      * 1.2.1      2024-03-18 [1] CRAN (R 4.4.1)
 tidyr       * 1.3.1      2024-01-24 [1] CRAN (R 4.4.1)
 tidyselect    1.2.1      2024-03-11 [1] CRAN (R 4.4.1)
 tidyverse   * 2.0.0      2023-02-22 [1] CRAN (R 4.4.1)
 timechange    0.3.0      2024-01-18 [1] CRAN (R 4.4.1)
 tzdb          0.4.0      2023-05-12 [1] CRAN (R 4.4.1)
 urlchecker    1.0.1      2021-11-30 [1] CRAN (R 4.4.1)
 usethis       3.1.0      2024-11-26 [1] CRAN (R 4.4.1)
 utf8          1.2.4      2023-10-22 [1] CRAN (R 4.4.1)
 vctrs         0.6.5      2023-12-01 [1] CRAN (R 4.4.1)
 withr         3.0.2      2024-10-28 [1] CRAN (R 4.4.1)
 xfun          0.49       2024-10-31 [1] CRAN (R 4.4.1)
 xtable        1.8-4      2019-04-21 [1] CRAN (R 4.4.1)

 [1] /home/haf/einarhj/R/x86_64-pc-linux-gnu-library/4.4
 [2] /usr/lib/R/library

──────────────────────────────────────────────────────────────────────────────
> proc.time()
   user  system elapsed 
342.461   9.392 523.515 
